<?xml version="1.0" encoding="UTF-8"?>
<!-- Generated by org.testng.reporters.JUnitReportReporter -->
<testsuite skipped="0" hostname="zhongzeqingdeMacBook-Pro.local" name="com.yunche.testcase.logkit.LogKitAdapterController" tests="1" failures="0" timestamp="17 三月 2020 13:09:13 GMT" time="0.567" errors="0">
  <testcase name="LogKitAdapterController_01" time="0.567" classname="com.yunche.testcase.logkit.LogKitAdapterController"/>
</testsuite> <!-- com.yunche.testcase.logkit.LogKitAdapterController -->
